2024-12-03 20:01:59,323 bp INFO #########bp###########
2024-12-03 20:01:59,323 bp INFO ########start training###########
2024-12-03 20:01:59,323 bp INFO epoch: 0
2024-12-03 20:01:59,323 bp INFO training
2024-12-03 20:02:13,374 bp INFO Epoch: 0 / 20, Step: 29 / 193, Loss(batch): 125910.1796875
2024-12-03 20:02:26,301 bp INFO Epoch: 0 / 20, Step: 59 / 193, Loss(batch): 67564.984375
2024-12-03 20:02:40,833 bp INFO Epoch: 0 / 20, Step: 89 / 193, Loss(batch): 11572.23828125
2024-12-03 20:02:54,086 bp INFO Epoch: 0 / 20, Step: 119 / 193, Loss(batch): 310.9725646972656
2024-12-03 20:03:07,830 bp INFO Epoch: 0 / 20, Step: 149 / 193, Loss(batch): 288.5685729980469
2024-12-03 20:03:20,396 bp INFO Epoch: 0 / 20, Step: 179 / 193, Loss(batch): 243.24298095703125
2024-12-03 20:03:25,615 bp INFO epoch: 1
2024-12-03 20:03:25,616 bp INFO training
2024-12-03 20:03:38,257 bp INFO Epoch: 1 / 20, Step: 29 / 193, Loss(batch): 258.14849853515625
2024-12-03 20:03:50,925 bp INFO Epoch: 1 / 20, Step: 59 / 193, Loss(batch): 263.0950012207031
2024-12-03 20:04:03,858 bp INFO Epoch: 1 / 20, Step: 89 / 193, Loss(batch): 290.41717529296875
2024-12-03 20:04:16,512 bp INFO Epoch: 1 / 20, Step: 119 / 193, Loss(batch): 332.7001953125
2024-12-03 20:04:29,430 bp INFO Epoch: 1 / 20, Step: 149 / 193, Loss(batch): 295.92742919921875
2024-12-03 20:04:43,021 bp INFO Epoch: 1 / 20, Step: 179 / 193, Loss(batch): 317.28717041015625
2024-12-03 20:04:48,161 bp INFO epoch: 2
2024-12-03 20:04:48,162 bp INFO training
2024-12-03 20:05:00,933 bp INFO Epoch: 2 / 20, Step: 29 / 193, Loss(batch): 287.6862487792969
2024-12-03 20:05:15,056 bp INFO Epoch: 2 / 20, Step: 59 / 193, Loss(batch): 256.1809997558594
2024-12-03 20:05:27,768 bp INFO Epoch: 2 / 20, Step: 89 / 193, Loss(batch): 334.96734619140625
2024-12-03 20:05:37,834 bp INFO Epoch: 2 / 20, Step: 119 / 193, Loss(batch): 292.4962158203125
2024-12-03 20:05:47,909 bp INFO Epoch: 2 / 20, Step: 149 / 193, Loss(batch): 270.0657958984375
2024-12-03 20:05:58,030 bp INFO Epoch: 2 / 20, Step: 179 / 193, Loss(batch): 290.0490417480469
2024-12-03 20:06:02,808 bp INFO epoch: 3
2024-12-03 20:06:02,808 bp INFO training
2024-12-03 20:06:12,958 bp INFO Epoch: 3 / 20, Step: 29 / 193, Loss(batch): 304.36590576171875
2024-12-03 20:06:23,071 bp INFO Epoch: 3 / 20, Step: 59 / 193, Loss(batch): 272.2051696777344
2024-12-03 20:06:33,249 bp INFO Epoch: 3 / 20, Step: 89 / 193, Loss(batch): 250.41677856445312
2024-12-03 20:06:44,366 bp INFO Epoch: 3 / 20, Step: 119 / 193, Loss(batch): 316.670654296875
2024-12-03 20:06:54,350 bp INFO Epoch: 3 / 20, Step: 149 / 193, Loss(batch): 296.65924072265625
2024-12-03 20:07:03,566 bp INFO Epoch: 3 / 20, Step: 179 / 193, Loss(batch): 276.4901123046875
2024-12-03 20:07:08,018 bp INFO validating
2024-12-03 20:07:10,196 bp INFO Valid Step: 9 / 55, Loss(batch): 275.32080078125
2024-12-03 20:07:12,083 bp INFO Valid Step: 19 / 55, Loss(batch): 323.1673889160156
2024-12-03 20:07:14,999 bp INFO Valid Step: 29 / 55, Loss(batch): 289.2252197265625
2024-12-03 20:07:16,782 bp INFO Valid Step: 39 / 55, Loss(batch): 306.12213134765625
2024-12-03 20:07:19,478 bp INFO Valid Step: 49 / 55, Loss(batch): 251.77484130859375
2024-12-03 20:13:31,390 bp INFO ########valid metric###########
2024-12-03 20:13:31,390 bp INFO epoch3, train_loss287.08116236869535, valid_loss:286.27207253196025
2024-12-03 20:13:31,390 bp INFO threshold:0.51, f_score0.2531227450788443, auc0.7300955809445087, recall0.5203313253012049, precision0.1672393900131236, aupr0.22526752929040927
2024-12-03 20:13:31,390 bp INFO epoch: 4
2024-12-03 20:13:31,391 bp INFO training
2024-12-03 20:13:44,281 bp INFO Epoch: 4 / 20, Step: 29 / 193, Loss(batch): 317.95941162109375
2024-12-03 20:13:57,220 bp INFO Epoch: 4 / 20, Step: 59 / 193, Loss(batch): 293.08294677734375
2024-12-03 20:14:10,205 bp INFO Epoch: 4 / 20, Step: 89 / 193, Loss(batch): 243.0924072265625
2024-12-03 20:14:23,734 bp INFO Epoch: 4 / 20, Step: 119 / 193, Loss(batch): 276.29827880859375
2024-12-03 20:14:36,452 bp INFO Epoch: 4 / 20, Step: 149 / 193, Loss(batch): 290.59454345703125
2024-12-03 20:14:46,952 bp INFO Epoch: 4 / 20, Step: 179 / 193, Loss(batch): 260.6107177734375
2024-12-03 20:14:53,189 bp INFO epoch: 5
2024-12-03 20:14:53,189 bp INFO training
2024-12-03 20:15:06,126 bp INFO Epoch: 5 / 20, Step: 29 / 193, Loss(batch): 289.9347229003906
2024-12-03 20:15:18,805 bp INFO Epoch: 5 / 20, Step: 59 / 193, Loss(batch): 299.3548889160156
2024-12-03 20:15:31,662 bp INFO Epoch: 5 / 20, Step: 89 / 193, Loss(batch): 342.09112548828125
2024-12-03 20:15:42,197 bp INFO Epoch: 5 / 20, Step: 119 / 193, Loss(batch): 281.75048828125
2024-12-03 20:15:51,873 bp INFO Epoch: 5 / 20, Step: 149 / 193, Loss(batch): 295.0469055175781
2024-12-03 20:15:59,596 bp INFO Epoch: 5 / 20, Step: 179 / 193, Loss(batch): 276.4862365722656
2024-12-03 20:16:02,586 bp INFO epoch: 6
2024-12-03 20:16:02,587 bp INFO training
2024-12-03 20:16:08,451 bp INFO Epoch: 6 / 20, Step: 29 / 193, Loss(batch): 295.1563415527344
2024-12-03 20:16:16,029 bp INFO Epoch: 6 / 20, Step: 59 / 193, Loss(batch): 237.459716796875
2024-12-03 20:16:23,384 bp INFO Epoch: 6 / 20, Step: 89 / 193, Loss(batch): 300.35333251953125
2024-12-03 20:16:31,077 bp INFO Epoch: 6 / 20, Step: 119 / 193, Loss(batch): 267.555908203125
2024-12-03 20:16:37,384 bp INFO Epoch: 6 / 20, Step: 149 / 193, Loss(batch): 280.524169921875
2024-12-03 20:16:44,844 bp INFO Epoch: 6 / 20, Step: 179 / 193, Loss(batch): 197.49732971191406
2024-12-03 20:16:47,653 bp INFO epoch: 7
2024-12-03 20:16:47,654 bp INFO training
2024-12-03 20:16:55,074 bp INFO Epoch: 7 / 20, Step: 29 / 193, Loss(batch): 245.9854736328125
2024-12-03 20:17:01,553 bp INFO Epoch: 7 / 20, Step: 59 / 193, Loss(batch): 317.86981201171875
2024-12-03 20:17:09,278 bp INFO Epoch: 7 / 20, Step: 89 / 193, Loss(batch): 251.6483917236328
2024-12-03 20:17:16,266 bp INFO Epoch: 7 / 20, Step: 119 / 193, Loss(batch): 266.8887023925781
2024-12-03 20:17:23,011 bp INFO Epoch: 7 / 20, Step: 149 / 193, Loss(batch): 213.47842407226562
2024-12-03 20:17:30,106 bp INFO Epoch: 7 / 20, Step: 179 / 193, Loss(batch): 220.17654418945312
2024-12-03 20:17:32,583 bp INFO validating
2024-12-03 20:17:34,220 bp INFO Valid Step: 9 / 55, Loss(batch): 239.7970733642578
2024-12-03 20:17:36,187 bp INFO Valid Step: 19 / 55, Loss(batch): 277.96929931640625
2024-12-03 20:17:38,428 bp INFO Valid Step: 29 / 55, Loss(batch): 210.18130493164062
2024-12-03 20:17:39,489 bp INFO Valid Step: 39 / 55, Loss(batch): 251.85142517089844
2024-12-03 20:17:41,550 bp INFO Valid Step: 49 / 55, Loss(batch): 290.9657897949219
2024-12-03 20:23:05,279 bp INFO ########valid metric###########
2024-12-03 20:23:05,279 bp INFO epoch7, train_loss285.0308993640959, valid_loss:285.5481425892223
2024-12-03 20:23:05,279 bp INFO threshold:0.53, f_score0.3100351386162138, auc0.7554763001623825, recall0.4023616015787287, precision0.252171507382108, aupr0.2763346083327677
2024-12-03 20:23:05,279 bp INFO epoch: 8
2024-12-03 20:23:05,279 bp INFO training
2024-12-03 20:23:12,405 bp INFO Epoch: 8 / 20, Step: 29 / 193, Loss(batch): 263.3353271484375
2024-12-03 20:23:18,367 bp INFO Epoch: 8 / 20, Step: 59 / 193, Loss(batch): 234.1915283203125
2024-12-03 20:23:26,110 bp INFO Epoch: 8 / 20, Step: 89 / 193, Loss(batch): 280.7169189453125
2024-12-03 20:23:33,513 bp INFO Epoch: 8 / 20, Step: 119 / 193, Loss(batch): 233.67117309570312
2024-12-03 20:23:39,799 bp INFO Epoch: 8 / 20, Step: 149 / 193, Loss(batch): 271.98272705078125
2024-12-03 20:23:47,483 bp INFO Epoch: 8 / 20, Step: 179 / 193, Loss(batch): 255.88458251953125
2024-12-03 20:23:50,188 bp INFO epoch: 9
2024-12-03 20:23:50,188 bp INFO training
2024-12-03 20:23:56,300 bp INFO Epoch: 9 / 20, Step: 29 / 193, Loss(batch): 279.35638427734375
2024-12-03 20:24:03,991 bp INFO Epoch: 9 / 20, Step: 59 / 193, Loss(batch): 236.03515625
2024-12-03 20:24:11,239 bp INFO Epoch: 9 / 20, Step: 89 / 193, Loss(batch): 277.36572265625
2024-12-03 20:24:17,788 bp INFO Epoch: 9 / 20, Step: 119 / 193, Loss(batch): 274.9093017578125
2024-12-03 20:24:25,568 bp INFO Epoch: 9 / 20, Step: 149 / 193, Loss(batch): 233.77215576171875
2024-12-03 20:24:31,739 bp INFO Epoch: 9 / 20, Step: 179 / 193, Loss(batch): 272.35699462890625
2024-12-03 20:24:35,533 bp INFO epoch: 10
2024-12-03 20:24:35,534 bp INFO training
2024-12-03 20:24:41,872 bp INFO Epoch: 10 / 20, Step: 29 / 193, Loss(batch): 372.00384521484375
2024-12-03 20:24:49,120 bp INFO Epoch: 10 / 20, Step: 59 / 193, Loss(batch): 271.4018859863281
2024-12-03 20:24:56,080 bp INFO Epoch: 10 / 20, Step: 89 / 193, Loss(batch): 247.78341674804688
2024-12-03 20:25:03,303 bp INFO Epoch: 10 / 20, Step: 119 / 193, Loss(batch): 270.233642578125
2024-12-03 20:25:10,160 bp INFO Epoch: 10 / 20, Step: 149 / 193, Loss(batch): 262.74456787109375
2024-12-03 20:25:16,588 bp INFO Epoch: 10 / 20, Step: 179 / 193, Loss(batch): 280.1153564453125
2024-12-03 20:25:19,167 bp INFO epoch: 11
2024-12-03 20:25:19,168 bp INFO training
2024-12-03 20:25:25,636 bp INFO Epoch: 11 / 20, Step: 29 / 193, Loss(batch): 280.31561279296875
2024-12-03 20:25:34,694 bp INFO Epoch: 11 / 20, Step: 59 / 193, Loss(batch): 298.25799560546875
2024-12-03 20:25:47,772 bp INFO Epoch: 11 / 20, Step: 89 / 193, Loss(batch): 306.8866882324219
2024-12-03 20:26:01,275 bp INFO Epoch: 11 / 20, Step: 119 / 193, Loss(batch): 333.2635498046875
2024-12-03 20:26:14,408 bp INFO Epoch: 11 / 20, Step: 149 / 193, Loss(batch): 280.3932800292969
2024-12-03 20:26:26,236 bp INFO Epoch: 11 / 20, Step: 179 / 193, Loss(batch): 257.4878234863281
2024-12-03 20:26:31,297 bp INFO validating
2024-12-03 20:26:35,173 bp INFO Valid Step: 9 / 55, Loss(batch): 336.0401916503906
2024-12-03 20:26:39,907 bp INFO Valid Step: 19 / 55, Loss(batch): 289.91827392578125
2024-12-03 20:26:43,882 bp INFO Valid Step: 29 / 55, Loss(batch): 315.6802978515625
2024-12-03 20:26:46,895 bp INFO Valid Step: 39 / 55, Loss(batch): 281.713623046875
2024-12-03 20:26:50,643 bp INFO Valid Step: 49 / 55, Loss(batch): 305.4832763671875
2024-12-03 20:32:09,035 bp INFO ########valid metric###########
2024-12-03 20:32:09,036 bp INFO epoch11, train_loss282.96864042133865, valid_loss:285.239384876598
2024-12-03 20:32:09,036 bp INFO threshold:0.54, f_score0.3221987837764745, auc0.7620057333704089, recall0.40602279808890734, precision0.2670631887721336, aupr0.30405211722015385
2024-12-03 20:32:09,036 bp INFO epoch: 12
2024-12-03 20:32:09,036 bp INFO training
2024-12-03 20:32:16,261 bp INFO Epoch: 12 / 20, Step: 29 / 193, Loss(batch): 296.586181640625
2024-12-03 20:32:23,753 bp INFO Epoch: 12 / 20, Step: 59 / 193, Loss(batch): 363.29486083984375
2024-12-03 20:32:30,405 bp INFO Epoch: 12 / 20, Step: 89 / 193, Loss(batch): 311.09130859375
2024-12-03 20:32:37,600 bp INFO Epoch: 12 / 20, Step: 119 / 193, Loss(batch): 288.72113037109375
2024-12-03 20:32:43,512 bp INFO Epoch: 12 / 20, Step: 149 / 193, Loss(batch): 256.38116455078125
2024-12-03 20:32:50,881 bp INFO Epoch: 12 / 20, Step: 179 / 193, Loss(batch): 283.6438293457031
2024-12-03 20:32:53,651 bp INFO epoch: 13
2024-12-03 20:32:53,651 bp INFO training
2024-12-03 20:32:59,824 bp INFO Epoch: 13 / 20, Step: 29 / 193, Loss(batch): 279.1523742675781
2024-12-03 20:33:09,522 bp INFO Epoch: 13 / 20, Step: 59 / 193, Loss(batch): 256.22906494140625
2024-12-03 20:33:23,537 bp INFO Epoch: 13 / 20, Step: 89 / 193, Loss(batch): 285.14691162109375
2024-12-03 20:33:36,626 bp INFO Epoch: 13 / 20, Step: 119 / 193, Loss(batch): 286.4822998046875
2024-12-03 20:33:50,824 bp INFO Epoch: 13 / 20, Step: 149 / 193, Loss(batch): 314.53155517578125
2024-12-03 20:34:03,783 bp INFO Epoch: 13 / 20, Step: 179 / 193, Loss(batch): 273.47607421875
2024-12-03 20:34:08,983 bp INFO epoch: 14
2024-12-03 20:34:08,984 bp INFO training
2024-12-03 20:34:22,123 bp INFO Epoch: 14 / 20, Step: 29 / 193, Loss(batch): 319.1064758300781
2024-12-03 20:34:35,601 bp INFO Epoch: 14 / 20, Step: 59 / 193, Loss(batch): 276.72027587890625
2024-12-03 20:34:48,290 bp INFO Epoch: 14 / 20, Step: 89 / 193, Loss(batch): 249.84481811523438
2024-12-03 20:35:01,721 bp INFO Epoch: 14 / 20, Step: 119 / 193, Loss(batch): 278.7593994140625
2024-12-03 20:35:15,824 bp INFO Epoch: 14 / 20, Step: 149 / 193, Loss(batch): 264.7984924316406
2024-12-03 20:35:27,790 bp INFO Epoch: 14 / 20, Step: 179 / 193, Loss(batch): 271.27825927734375
2024-12-03 20:35:34,032 bp INFO epoch: 15
2024-12-03 20:35:34,032 bp INFO training
2024-12-03 20:35:46,824 bp INFO Epoch: 15 / 20, Step: 29 / 193, Loss(batch): 294.5638427734375
2024-12-03 20:36:00,455 bp INFO Epoch: 15 / 20, Step: 59 / 193, Loss(batch): 245.12576293945312
2024-12-03 20:36:13,347 bp INFO Epoch: 15 / 20, Step: 89 / 193, Loss(batch): 244.53753662109375
2024-12-03 20:36:26,981 bp INFO Epoch: 15 / 20, Step: 119 / 193, Loss(batch): 269.6657409667969
2024-12-03 20:36:41,065 bp INFO Epoch: 15 / 20, Step: 149 / 193, Loss(batch): 350.4078369140625
2024-12-03 20:36:52,602 bp INFO Epoch: 15 / 20, Step: 179 / 193, Loss(batch): 299.25946044921875
2024-12-03 20:36:58,001 bp INFO validating
2024-12-03 20:37:01,746 bp INFO Valid Step: 9 / 55, Loss(batch): 274.3226318359375
2024-12-03 20:37:05,380 bp INFO Valid Step: 19 / 55, Loss(batch): 337.67083740234375
2024-12-03 20:37:09,359 bp INFO Valid Step: 29 / 55, Loss(batch): 229.085205078125
2024-12-03 20:37:12,308 bp INFO Valid Step: 39 / 55, Loss(batch): 270.69482421875
2024-12-03 20:37:17,199 bp INFO Valid Step: 49 / 55, Loss(batch): 277.3834228515625
2024-12-03 20:42:31,660 bp INFO ########valid metric###########
2024-12-03 20:42:31,661 bp INFO epoch15, train_loss283.26520004667765, valid_loss:285.010117409446
2024-12-03 20:42:31,661 bp INFO threshold:0.54, f_score0.325380947929326, auc0.7637583702604662, recall0.4518851267137516, precision0.25421426275964826, aupr0.3156503999396562
2024-12-03 20:42:31,661 bp INFO epoch: 16
2024-12-03 20:42:31,661 bp INFO training
2024-12-03 20:42:38,059 bp INFO Epoch: 16 / 20, Step: 29 / 193, Loss(batch): 258.2847900390625
2024-12-03 20:42:44,326 bp INFO Epoch: 16 / 20, Step: 59 / 193, Loss(batch): 250.03904724121094
2024-12-03 20:42:51,479 bp INFO Epoch: 16 / 20, Step: 89 / 193, Loss(batch): 244.5523681640625
2024-12-03 20:42:57,470 bp INFO Epoch: 16 / 20, Step: 119 / 193, Loss(batch): 231.97894287109375
2024-12-03 20:43:03,995 bp INFO Epoch: 16 / 20, Step: 149 / 193, Loss(batch): 280.80792236328125
2024-12-03 20:43:11,071 bp INFO Epoch: 16 / 20, Step: 179 / 193, Loss(batch): 248.22982788085938
2024-12-03 20:43:13,978 bp INFO epoch: 17
2024-12-03 20:43:13,979 bp INFO training
2024-12-03 20:43:20,329 bp INFO Epoch: 17 / 20, Step: 29 / 193, Loss(batch): 319.026611328125
2024-12-03 20:43:27,136 bp INFO Epoch: 17 / 20, Step: 59 / 193, Loss(batch): 289.26708984375
2024-12-03 20:43:33,392 bp INFO Epoch: 17 / 20, Step: 89 / 193, Loss(batch): 229.86199951171875
2024-12-03 20:43:40,653 bp INFO Epoch: 17 / 20, Step: 119 / 193, Loss(batch): 264.8175964355469
2024-12-03 20:43:46,828 bp INFO Epoch: 17 / 20, Step: 149 / 193, Loss(batch): 274.4542236328125
2024-12-03 20:43:53,146 bp INFO Epoch: 17 / 20, Step: 179 / 193, Loss(batch): 281.5137023925781
2024-12-03 20:43:56,468 bp INFO epoch: 18
2024-12-03 20:43:56,469 bp INFO training
2024-12-03 20:44:02,536 bp INFO Epoch: 18 / 20, Step: 29 / 193, Loss(batch): 333.0570068359375
2024-12-03 20:44:08,813 bp INFO Epoch: 18 / 20, Step: 59 / 193, Loss(batch): 284.86004638671875
2024-12-03 20:44:16,062 bp INFO Epoch: 18 / 20, Step: 89 / 193, Loss(batch): 273.0523681640625
2024-12-03 20:44:22,371 bp INFO Epoch: 18 / 20, Step: 119 / 193, Loss(batch): 298.851806640625
2024-12-03 20:44:28,251 bp INFO Epoch: 18 / 20, Step: 149 / 193, Loss(batch): 326.2833557128906
2024-12-03 20:44:35,482 bp INFO Epoch: 18 / 20, Step: 179 / 193, Loss(batch): 259.0396728515625
2024-12-03 20:44:38,312 bp INFO epoch: 19
2024-12-03 20:44:38,313 bp INFO training
2024-12-03 20:44:44,553 bp INFO Epoch: 19 / 20, Step: 29 / 193, Loss(batch): 280.17218017578125
2024-12-03 20:44:50,441 bp INFO Epoch: 19 / 20, Step: 59 / 193, Loss(batch): 266.41546630859375
2024-12-03 20:44:57,439 bp INFO Epoch: 19 / 20, Step: 89 / 193, Loss(batch): 209.20449829101562
2024-12-03 20:45:03,544 bp INFO Epoch: 19 / 20, Step: 119 / 193, Loss(batch): 266.1264953613281
2024-12-03 20:45:09,844 bp INFO Epoch: 19 / 20, Step: 149 / 193, Loss(batch): 313.0789794921875
2024-12-03 20:45:15,788 bp INFO Epoch: 19 / 20, Step: 179 / 193, Loss(batch): 269.6876220703125
2024-12-03 20:45:18,624 bp INFO validating
2024-12-03 20:45:20,844 bp INFO Valid Step: 9 / 55, Loss(batch): 317.9032287597656
2024-12-03 20:45:22,881 bp INFO Valid Step: 19 / 55, Loss(batch): 223.70877075195312
2024-12-03 20:45:24,018 bp INFO Valid Step: 29 / 55, Loss(batch): 290.1455993652344
2024-12-03 20:45:26,164 bp INFO Valid Step: 39 / 55, Loss(batch): 266.40777587890625
2024-12-03 20:45:28,143 bp INFO Valid Step: 49 / 55, Loss(batch): 289.418212890625
2024-12-03 20:50:35,793 bp INFO ########valid metric###########
2024-12-03 20:50:35,794 bp INFO epoch19, train_loss283.73725076784126, valid_loss:285.1655168013139
2024-12-03 20:50:35,794 bp INFO threshold:0.54, f_score0.32388032305433184, auc0.7636718519336972, recall0.45816888242625675, precision0.25046843061548946, aupr0.3140377694991834
2024-12-03 20:50:35,794 bp INFO best_fscore: 0.325380947929326
2024-12-03 20:50:35,794 bp INFO best_scores[thresh,fmax,recall,precision,auc]: [0.54, 0.325380947929326, 0.4518851267137516, 0.25421426275964826, 0.7637583702604662]
2024-12-03 20:50:35,794 bp INFO best_aupr: 0.3156503999396562
2024-12-03 20:50:35,794 bp INFO best_score_dict: {0.01: [0.11973602546629063, 1.0, 0.06368043375185349, 0.7637583702604662], 0.02: [0.11973602546629063, 1.0, 0.06368043375185349, 0.7637583702604662], 0.03: [0.11973602546629063, 1.0, 0.06368043375185349, 0.7637583702604662], 0.04: [0.11973602546629063, 1.0, 0.06368043375185349, 0.7637583702604662], 0.05: [0.11973602546629063, 1.0, 0.06368043375185349, 0.7637583702604662], 0.06: [0.11973602546629063, 1.0, 0.06368043375185349, 0.7637583702604662], 0.07: [0.11973602546629063, 1.0, 0.06368043375185349, 0.7637583702604662], 0.08: [0.11973602546629063, 1.0, 0.06368043375185349, 0.7637583702604662], 0.09: [0.11973602546629063, 1.0, 0.06368043375185349, 0.7637583702604662], 0.1: [0.11973602546629063, 1.0, 0.06368043375185349, 0.7637583702604662], 0.11: [0.11973602546629063, 1.0, 0.06368043375185349, 0.7637583702604662], 0.12: [0.11973602546629063, 1.0, 0.06368043375185349, 0.7637583702604662], 0.13: [0.11973602546629063, 1.0, 0.06368043375185349, 0.7637583702604662], 0.14: [0.11973602546629063, 1.0, 0.06368043375185349, 0.7637583702604662], 0.15: [0.11973602546629063, 1.0, 0.06368043375185349, 0.7637583702604662], 0.16: [0.11973602546629063, 1.0, 0.06368043375185349, 0.7637583702604662], 0.17: [0.11973602546629063, 1.0, 0.06368043375185349, 0.7637583702604662], 0.18: [0.11973602546629063, 1.0, 0.06368043375185349, 0.7637583702604662], 0.19: [0.11973602546629063, 1.0, 0.06368043375185349, 0.7637583702604662], 0.2: [0.11973602546629063, 1.0, 0.06368043375185349, 0.7637583702604662], 0.21: [0.11973602546629063, 1.0, 0.06368043375185349, 0.7637583702604662], 0.22: [0.11973602546629063, 1.0, 0.06368043375185349, 0.7637583702604662], 0.23: [0.11973602546629063, 1.0, 0.06368043375185349, 0.7637583702604662], 0.24: [0.11973602546629063, 1.0, 0.06368043375185349, 0.7637583702604662], 0.25: [0.11973611853291231, 1.0, 0.06368048640039155, 0.7637583702604662], 0.26: [0.1197361650662774, 1.0, 0.06368051272469323, 0.7637583702604662], 0.27: [0.11973625813311611, 1.0, 0.06368056537336188, 0.7637583702604662], 0.28: [0.11973639773364543, 1.0, 0.06368064434652806, 0.7637583702604662], 0.29: [0.11973639773364543, 1.0, 0.06368064434652806, 0.7637583702604662], 0.3: [0.11973644426722754, 1.0, 0.06368067067096032, 0.7637583702604662], 0.34: [0.11973712335847839, 0.9999870170336519, 0.06368110748889427, 0.7637583702604662], 0.35: [0.11973847288092183, 0.9999870170336519, 0.06368187092728256, 0.7637583702604662], 0.36: [0.11974010165541783, 0.9999870170336519, 0.06368279234281868, 0.7637583702604662], 0.37: [0.11974294048259873, 0.9999870170336519, 0.06368439830220138, 0.7637583702604662], 0.38: [0.11974543484327546, 0.9999740340673037, 0.06368586205613504, 0.7637583702604662], 0.39: [0.11975007045059227, 0.9999610511009556, 0.06368853716308544, 0.7637583702604662], 0.4: [0.11975407790487312, 0.999915610718737, 0.063690988615135, 0.7637583702604662], 0.41: [0.11976939073760673, 0.9998961362692148, 0.06369973057303373, 0.7637583702604662], 0.42: [0.11979091927618964, 0.9998052555047777, 0.06371227918932704, 0.7637583702604662], 0.43: [0.11984501384416404, 0.9997078832571666, 0.06374328018185521, 0.7637583702604662], 0.44: [0.12078563242276545, 0.9961051100955546, 0.06429069408878223, 0.7637583702604662], 0.45: [0.12429730263592874, 0.982401589115081, 0.06634581788163521, 0.7637583702604662], 0.46: [0.13318745727356185, 0.9478993560448691, 0.07162572270992862, 0.7637583702604662], 0.47: [0.15016528173630003, 0.8945458558371416, 0.0819620258811172, 0.7637583702604662], 0.48: [0.1678272096241594, 0.8451002285002077, 0.0931642837565417, 0.7637583702604662], 0.49: [0.19801342424499, 0.7742521811383465, 0.11352340197099287, 0.7637583702604662], 0.5: [0.22941505117906877, 0.7063707415870378, 0.13694621826318742, 0.7637583702604662], 0.51: [0.2620344553797293, 0.6448444640631491, 0.16442439791442523, 0.7637583702604662], 0.52: [0.28949337680864073, 0.5763398421271292, 0.19329148950529798, 0.7637583702604662], 0.53: [0.309571619160767, 0.5159041337764853, 0.22113150638430482, 0.7637583702604662], 0.54: [0.325380947929326, 0.4518851267137516, 0.25421426275964826, 0.7637583702604662]}
